java_rest_Course/Day5/build/app/intermediates/manifest_merge_blame_file/debug/manifest-merger-blame-debug-report.txt
1<?xml version="1.0" encoding="utf-8"?>
2<manifest xmlns:android="http://schemas.android.com/apk/res/android"
3    package="com.example.academy_app"
4    android:versionCode="1"
5    android:versionName="1.0.0" >
6
7    <uses-sdk
8        android:minSdkVersion="21"
9        android:targetSdkVersion="31" />
10    <!--
11         The INTERNET permission is required for development. Specifically,
12         the Flutter tool needs it to communicate with the running application
13         to allow setting breakpoints, to provide hot reload, etc.
14    -->
15    <uses-permission android:name="android.permission.INTERNET" />
15-->src\main\AndroidManifest.xml:5:5-66
15-->src\main\AndroidManifest.xml:5:22-64
16    <uses-permission android:name="android.permission.WRITE_EXTERNAL_STORAGE" />
16-->src\main\AndroidManifest.xml:6:5-80
16-->src\main\AndroidManifest.xml:6:22-78
17    <uses-permission android:name="android.permission.READ_EXTERNAL_STORAGE" />
17-->src\main\AndroidManifest.xml:4:5-80
17-->src\main\AndroidManifest.xml:4:22-77
18
19    <queries>
19-->src\main\AndroidManifest.xml:8:5-13:15
20        <intent>
20-->src\main\AndroidManifest.xml:9:9-12:18
21            <action android:name="android.intent.action.VIEW" />
21-->src\main\AndroidManifest.xml:10:13-65
21-->src\main\AndroidManifest.xml:10:21-62
22
23            <data android:scheme="https" />
23-->src\main\AndroidManifest.xml:11:13-44
23-->src\main\AndroidManifest.xml:11:19-41
24        </intent>
25        <intent>
25-->[:flutter_downloader] AndroidManifest.xml:11:9-13:18
26            <action android:name="android.intent.action.VIEW" />
26-->src\main\AndroidManifest.xml:10:13-65
26-->src\main\AndroidManifest.xml:10:21-62
27        </intent>
28    </queries>
29
30    <uses-permission android:name="android.permission.ACCESS_NETWORK_STATE" />
30-->[:connectivity_plus] AndroidManifest.xml:9:5-79
30-->[:connectivity_plus] AndroidManifest.xml:9:22-76
31    <uses-permission android:name="android.permission.WAKE_LOCK" />
31-->[androidx.work:work-runtime:2.7.1] AndroidManifest.xml:25:5-68
31-->[androidx.work:work-runtime:2.7.1] AndroidManifest.xml:25:22-65
32    <uses-permission android:name="android.permission.RECEIVE_BOOT_COMPLETED" />
32-->[androidx.work:work-runtime:2.7.1] AndroidManifest.xml:27:5-81
32-->[androidx.work:work-runtime:2.7.1] AndroidManifest.xml:27:22-78
33    <uses-permission android:name="android.permission.FOREGROUND_SERVICE" />
33-->[androidx.work:work-runtime:2.7.1] AndroidManifest.xml:28:5-77
33-->[androidx.work:work-runtime:2.7.1] AndroidManifest.xml:28:22-74
34
35    <application
35-->src\main\AndroidManifest.xml:15:4-63:19
36        android:appComponentFactory="androidx.core.app.CoreComponentFactory"
36-->[androidx.core:core:1.8.0] AndroidManifest.xml:24:18-86
37        android:debuggable="true"
38        android:icon="@mipmap/ic_launcher"
38-->src\main\AndroidManifest.xml:19:9-43
39        android:label="Academy LMS"
39-->src\main\AndroidManifest.xml:16:9-36
40        android:requestLegacyExternalStorage="true"
40-->src\main\AndroidManifest.xml:17:9-52
41        android:usesCleartextTraffic="true" >
41-->src\main\AndroidManifest.xml:18:9-44
42        <activity
42-->src\main\AndroidManifest.xml:20:9-48:20
43            android:name="com.example.academy_app.MainActivity"
43-->src\main\AndroidManifest.xml:21:13-41
44            android:configChanges="orientation|keyboardHidden|keyboard|screenSize|smallestScreenSize|locale|layoutDirection|fontScale|screenLayout|density|uiMode"
44-->src\main\AndroidManifest.xml:25:13-163
45            android:exported="true"
45-->src\main\AndroidManifest.xml:22:13-36
46            android:hardwareAccelerated="true"
46-->src\main\AndroidManifest.xml:26:13-47
47            android:launchMode="singleTop"
47-->src\main\AndroidManifest.xml:23:13-43
48            android:theme="@style/LaunchTheme"
48-->src\main\AndroidManifest.xml:24:13-47
49            android:windowSoftInputMode="adjustResize" >
49-->src\main\AndroidManifest.xml:27:13-55
50
51            <!--
52                 Specifies an Android theme to apply to this Activity as soon as
53                 the Android process has started. This theme is visible to the user
54                 while the Flutter UI initializes. After that, this theme continues
55                 to determine the Window background behind the Flutter UI.
56            -->
57            <meta-data
57-->src\main\AndroidManifest.xml:32:13-35:17
58                android:name="io.flutter.embedding.android.NormalTheme"
58-->src\main\AndroidManifest.xml:33:15-70
59                android:resource="@style/NormalTheme" />
59-->src\main\AndroidManifest.xml:34:15-52
60
61            <intent-filter>
61-->src\main\AndroidManifest.xml:36:13-39:29
62                <action android:name="android.intent.action.MAIN" />
62-->src\main\AndroidManifest.xml:37:17-68
62-->src\main\AndroidManifest.xml:37:25-66
63
64                <category android:name="android.intent.category.LAUNCHER" />
64-->src\main\AndroidManifest.xml:38:17-76
64-->src\main\AndroidManifest.xml:38:27-74
65            </intent-filter>
66            <!-- Deep Linking -->
67            <meta-data
67-->src\main\AndroidManifest.xml:41:13-90
68                android:name="flutter_deeplinking_enabled"
68-->src\main\AndroidManifest.xml:41:24-66
69                android:value="true" />
69-->src\main\AndroidManifest.xml:41:67-87
70
71            <intent-filter android:autoVerify="true" >
71-->src\main\AndroidManifest.xml:42:13-47:29
71-->src\main\AndroidManifest.xml:42:28-53
72                <action android:name="android.intent.action.VIEW" />
72-->src\main\AndroidManifest.xml:10:13-65
72-->src\main\AndroidManifest.xml:10:21-62
73
74                <category android:name="android.intent.category.DEFAULT" />
74-->src\main\AndroidManifest.xml:44:17-76
74-->src\main\AndroidManifest.xml:44:27-73
75                <category android:name="android.intent.category.BROWSABLE" />
75-->src\main\AndroidManifest.xml:45:17-78
75-->src\main\AndroidManifest.xml:45:27-75
76
77                <data android:scheme="academybycreativeitem" />
77-->src\main\AndroidManifest.xml:11:13-44
77-->src\main\AndroidManifest.xml:11:19-41
78            </intent-filter>
79        </activity>
80        <!--
81             Don't delete the meta-data below.
82             This is used by the Flutter tool to generate GeneratedPluginRegistrant.java
83        -->
84        <meta-data
84-->src\main\AndroidManifest.xml:51:9-53:33
85            android:name="flutterEmbedding"
85-->src\main\AndroidManifest.xml:52:13-44
86            android:value="2" />
86-->src\main\AndroidManifest.xml:53:13-30
87
88        <provider
89            android:name="vn.hunghd.flutterdownloader.DownloadedFileProvider"
90            android:authorities="com.example.academy_app.flutter_downloader.provider"
91            android:exported="false"
92            android:grantUriPermissions="true" >
93            <meta-data
93-->[:image_picker_android] AndroidManifest.xml:15:13-17:75
94                android:name="android.support.FILE_PROVIDER_PATHS"
94-->[:image_picker_android] AndroidManifest.xml:16:17-67
95                android:resource="@xml/provider_paths" />
95-->[:image_picker_android] AndroidManifest.xml:17:17-72
96        </provider>
97        <provider
97-->[:image_picker_android] AndroidManifest.xml:10:9-18:20
98            android:name="io.flutter.plugins.imagepicker.ImagePickerFileProvider"
98-->[:image_picker_android] AndroidManifest.xml:11:13-82
99            android:authorities="com.example.academy_app.flutter.image_provider"
99-->[:image_picker_android] AndroidManifest.xml:12:13-74
100            android:exported="false"
100-->[:image_picker_android] AndroidManifest.xml:13:13-37
101            android:grantUriPermissions="true" >
101-->[:image_picker_android] AndroidManifest.xml:14:13-47
102            <meta-data
102-->[:image_picker_android] AndroidManifest.xml:15:13-17:75
103                android:name="android.support.FILE_PROVIDER_PATHS"
103-->[:image_picker_android] AndroidManifest.xml:16:17-67
104                android:resource="@xml/flutter_image_picker_file_paths" />
104-->[:image_picker_android] AndroidManifest.xml:17:17-72
105        </provider>
106
107        <activity
107-->[:url_launcher_android] AndroidManifest.xml:10:9-13:74
108            android:name="io.flutter.plugins.urllauncher.WebViewActivity"
108-->[:url_launcher_android] AndroidManifest.xml:11:13-74
109            android:exported="false"
109-->[:url_launcher_android] AndroidManifest.xml:12:13-37
110            android:theme="@android:style/Theme.NoTitleBar.Fullscreen" />
110-->[:url_launcher_android] AndroidManifest.xml:13:13-71
111
112        <provider
112-->[:share] AndroidManifest.xml:10:9-18:20
113            android:name="io.flutter.plugins.share.ShareFileProvider"
113-->[:share] AndroidManifest.xml:11:13-70
114            android:authorities="com.example.academy_app.flutter.share_provider"
114-->[:share] AndroidManifest.xml:12:13-74
115            android:exported="false"
115-->[:share] AndroidManifest.xml:13:13-37
116            android:grantUriPermissions="true" >
116-->[:share] AndroidManifest.xml:14:13-47
117            <meta-data
117-->[:image_picker_android] AndroidManifest.xml:15:13-17:75
118                android:name="android.support.FILE_PROVIDER_PATHS"
118-->[:image_picker_android] AndroidManifest.xml:16:17-67
119                android:resource="@xml/flutter_share_file_paths" />
119-->[:image_picker_android] AndroidManifest.xml:17:17-72
120        </provider>
121
122        <uses-library
122-->[androidx.window:window:1.0.0-beta04] AndroidManifest.xml:25:9-27:40
123            android:name="androidx.window.extensions"
123-->[androidx.window:window:1.0.0-beta04] AndroidManifest.xml:26:13-54
124            android:required="false" />
124-->[androidx.window:window:1.0.0-beta04] AndroidManifest.xml:27:13-37
125        <uses-library
125-->[androidx.window:window:1.0.0-beta04] AndroidManifest.xml:28:9-30:40
126            android:name="androidx.window.sidecar"
126-->[androidx.window:window:1.0.0-beta04] AndroidManifest.xml:29:13-51
127            android:required="false" />
127-->[androidx.window:window:1.0.0-beta04] AndroidManifest.xml:30:13-37
128
129        <provider
129-->[androidx.work:work-runtime:2.7.1] AndroidManifest.xml:31:9-39:20
130            android:name="androidx.startup.InitializationProvider"
130-->[androidx.work:work-runtime:2.7.1] AndroidManifest.xml:32:13-67
131            android:authorities="com.example.academy_app.androidx-startup"
131-->[androidx.work:work-runtime:2.7.1] AndroidManifest.xml:33:13-68
132            android:exported="false" >
132-->[androidx.work:work-runtime:2.7.1] AndroidManifest.xml:34:13-37
133            <meta-data
133-->[androidx.work:work-runtime:2.7.1] AndroidManifest.xml:36:13-38:52
134                android:name="androidx.work.WorkManagerInitializer"
134-->[androidx.work:work-runtime:2.7.1] AndroidManifest.xml:37:17-68
135                android:value="androidx.startup" />
135-->[androidx.work:work-runtime:2.7.1] AndroidManifest.xml:38:17-49
136        </provider>
137
138        <service
138-->[androidx.work:work-runtime:2.7.1] AndroidManifest.xml:41:9-46:35
139            android:name="androidx.work.impl.background.systemalarm.SystemAlarmService"
139-->[androidx.work:work-runtime:2.7.1] AndroidManifest.xml:42:13-88
140            android:directBootAware="false"
140-->[androidx.work:work-runtime:2.7.1] AndroidManifest.xml:43:13-44
141            android:enabled="@bool/enable_system_alarm_service_default"
141-->[androidx.work:work-runtime:2.7.1] AndroidManifest.xml:44:13-72
142            android:exported="false" />
142-->[androidx.work:work-runtime:2.7.1] AndroidManifest.xml:45:13-37
143        <service
143-->[androidx.work:work-runtime:2.7.1] AndroidManifest.xml:47:9-53:35
144            android:name="androidx.work.impl.background.systemjob.SystemJobService"
144-->[androidx.work:work-runtime:2.7.1] AndroidManifest.xml:48:13-84
145            android:directBootAware="false"
145-->[androidx.work:work-runtime:2.7.1] AndroidManifest.xml:49:13-44
146            android:enabled="@bool/enable_system_job_service_default"
146-->[androidx.work:work-runtime:2.7.1] AndroidManifest.xml:50:13-70
147            android:exported="true"
147-->[androidx.work:work-runtime:2.7.1] AndroidManifest.xml:51:13-36
148            android:permission="android.permission.BIND_JOB_SERVICE" />
148-->[androidx.work:work-runtime:2.7.1] AndroidManifest.xml:52:13-69
149        <service
149-->[androidx.work:work-runtime:2.7.1] AndroidManifest.xml:54:9-59:35
150            android:name="androidx.work.impl.foreground.SystemForegroundService"
150-->[androidx.work:work-runtime:2.7.1] AndroidManifest.xml:55:13-81
151            android:directBootAware="false"
151-->[androidx.work:work-runtime:2.7.1] AndroidManifest.xml:56:13-44
152            android:enabled="@bool/enable_system_foreground_service_default"
152-->[androidx.work:work-runtime:2.7.1] AndroidManifest.xml:57:13-77
153            android:exported="false" />
153-->[androidx.work:work-runtime:2.7.1] AndroidManifest.xml:58:13-37
154
155        <receiver
155-->[androidx.work:work-runtime:2.7.1] AndroidManifest.xml:61:9-66:35
156            android:name="androidx.work.impl.utils.ForceStopRunnable$BroadcastReceiver"
156-->[androidx.work:work-runtime:2.7.1] AndroidManifest.xml:62:13-88
157            android:directBootAware="false"
157-->[androidx.work:work-runtime:2.7.1] AndroidManifest.xml:63:13-44
158            android:enabled="true"
158-->[androidx.work:work-runtime:2.7.1] AndroidManifest.xml:64:13-35
159            android:exported="false" />
159-->[androidx.work:work-runtime:2.7.1] AndroidManifest.xml:65:13-37
160        <receiver
160-->[androidx.work:work-runtime:2.7.1] AndroidManifest.xml:67:9-77:20
161            android:name="androidx.work.impl.background.systemalarm.ConstraintProxy$BatteryChargingProxy"
161-->[androidx.work:work-runtime:2.7.1] AndroidManifest.xml:68:13-106
162            android:directBootAware="false"
162-->[androidx.work:work-runtime:2.7.1] AndroidManifest.xml:69:13-44
163            android:enabled="false"
163-->[androidx.work:work-runtime:2.7.1] AndroidManifest.xml:70:13-36
164            android:exported="false" >
164-->[androidx.work:work-runtime:2.7.1] AndroidManifest.xml:71:13-37
165            <intent-filter>
165-->[androidx.work:work-runtime:2.7.1] AndroidManifest.xml:73:13-76:29
166                <action android:name="android.intent.action.ACTION_POWER_CONNECTED" />
166-->[androidx.work:work-runtime:2.7.1] AndroidManifest.xml:74:17-87
166-->[androidx.work:work-runtime:2.7.1] AndroidManifest.xml:74:25-84
167                <action android:name="android.intent.action.ACTION_POWER_DISCONNECTED" />
167-->[androidx.work:work-runtime:2.7.1] AndroidManifest.xml:75:17-90
167-->[androidx.work:work-runtime:2.7.1] AndroidManifest.xml:75:25-87
168            </intent-filter>
169        </receiver>
170        <receiver
170-->[androidx.work:work-runtime:2.7.1] AndroidManifest.xml:78:9-88:20
171            android:name="androidx.work.impl.background.systemalarm.ConstraintProxy$BatteryNotLowProxy"
171-->[androidx.work:work-runtime:2.7.1] AndroidManifest.xml:79:13-104
172            android:directBootAware="false"
172-->[androidx.work:work-runtime:2.7.1] AndroidManifest.xml:80:13-44
173            android:enabled="false"
173-->[androidx.work:work-runtime:2.7.1] AndroidManifest.xml:81:13-36
174            android:exported="false" >
174-->[androidx.work:work-runtime:2.7.1] AndroidManifest.xml:82:13-37
175            <intent-filter>
175-->[androidx.work:work-runtime:2.7.1] AndroidManifest.xml:84:13-87:29
176                <action android:name="android.intent.action.BATTERY_OKAY" />
176-->[androidx.work:work-runtime:2.7.1] AndroidManifest.xml:85:17-77
176-->[androidx.work:work-runtime:2.7.1] AndroidManifest.xml:85:25-74
177                <action android:name="android.intent.action.BATTERY_LOW" />
177-->[androidx.work:work-runtime:2.7.1] AndroidManifest.xml:86:17-76
177-->[androidx.work:work-runtime:2.7.1] AndroidManifest.xml:86:25-73
178            </intent-filter>
179        </receiver>
180        <receiver
180-->[androidx.work:work-runtime:2.7.1] AndroidManifest.xml:89:9-99:20
181            android:name="androidx.work.impl.background.systemalarm.ConstraintProxy$StorageNotLowProxy"
181-->[androidx.work:work-runtime:2.7.1] AndroidManifest.xml:90:13-104
182            android:directBootAware="false"
182-->[androidx.work:work-runtime:2.7.1] AndroidManifest.xml:91:13-44
183            android:enabled="false"
183-->[androidx.work:work-runtime:2.7.1] AndroidManifest.xml:92:13-36
184            android:exported="false" >
184-->[androidx.work:work-runtime:2.7.1] AndroidManifest.xml:93:13-37
185            <intent-filter>
185-->[androidx.work:work-runtime:2.7.1] AndroidManifest.xml:95:13-98:29
186                <action android:name="android.intent.action.DEVICE_STORAGE_LOW" />
186-->[androidx.work:work-runtime:2.7.1] AndroidManifest.xml:96:17-83
186-->[androidx.work:work-runtime:2.7.1] AndroidManifest.xml:96:25-80
187                <action android:name="android.intent.action.DEVICE_STORAGE_OK" />
187-->[androidx.work:work-runtime:2.7.1] AndroidManifest.xml:97:17-82
187-->[androidx.work:work-runtime:2.7.1] AndroidManifest.xml:97:25-79
188            </intent-filter>
189        </receiver>
190        <receiver
190-->[androidx.work:work-runtime:2.7.1] AndroidManifest.xml:100:9-109:20
191            android:name="androidx.work.impl.background.systemalarm.ConstraintProxy$NetworkStateProxy"
191-->[androidx.work:work-runtime:2.7.1] AndroidManifest.xml:101:13-103
192            android:directBootAware="false"
192-->[androidx.work:work-runtime:2.7.1] AndroidManifest.xml:102:13-44
193            android:enabled="false"
193-->[androidx.work:work-runtime:2.7.1] AndroidManifest.xml:103:13-36
194            android:exported="false" >
194-->[androidx.work:work-runtime:2.7.1] AndroidManifest.xml:104:13-37
195            <intent-filter>
195-->[androidx.work:work-runtime:2.7.1] AndroidManifest.xml:106:13-108:29
196                <action android:name="android.net.conn.CONNECTIVITY_CHANGE" />
196-->[androidx.work:work-runtime:2.7.1] AndroidManifest.xml:107:17-79
196-->[androidx.work:work-runtime:2.7.1] AndroidManifest.xml:107:25-76
197            </intent-filter>
198        </receiver>
199        <receiver
199-->[androidx.work:work-runtime:2.7.1] AndroidManifest.xml:110:9-121:20
200            android:name="androidx.work.impl.background.systemalarm.RescheduleReceiver"
200-->[androidx.work:work-runtime:2.7.1] AndroidManifest.xml:111:13-88
201            android:directBootAware="false"
201-->[androidx.work:work-runtime:2.7.1] AndroidManifest.xml:112:13-44
202            android:enabled="false"
202-->[androidx.work:work-runtime:2.7.1] AndroidManifest.xml:113:13-36
203            android:exported="false" >
203-->[androidx.work:work-runtime:2.7.1] AndroidManifest.xml:114:13-37
204            <intent-filter>
204-->[androidx.work:work-runtime:2.7.1] AndroidManifest.xml:116:13-120:29
205                <action android:name="android.intent.action.BOOT_COMPLETED" />
205-->[androidx.work:work-runtime:2.7.1] AndroidManifest.xml:117:17-79
205-->[androidx.work:work-runtime:2.7.1] AndroidManifest.xml:117:25-76
206                <action android:name="android.intent.action.TIME_SET" />
206-->[androidx.work:work-runtime:2.7.1] AndroidManifest.xml:118:17-73
206-->[androidx.work:work-runtime:2.7.1] AndroidManifest.xml:118:25-70
207                <action android:name="android.intent.action.TIMEZONE_CHANGED" />
207-->[androidx.work:work-runtime:2.7.1] AndroidManifest.xml:119:17-81
207-->[androidx.work:work-runtime:2.7.1] AndroidManifest.xml:119:25-78
208            </intent-filter>
209        </receiver>
210        <receiver
210-->[androidx.work:work-runtime:2.7.1] AndroidManifest.xml:122:9-131:20
211            android:name="androidx.work.impl.background.systemalarm.ConstraintProxyUpdateReceiver"
211-->[androidx.work:work-runtime:2.7.1] AndroidManifest.xml:123:13-99
212            android:directBootAware="false"
212-->[androidx.work:work-runtime:2.7.1] AndroidManifest.xml:124:13-44
213            android:enabled="@bool/enable_system_alarm_service_default"
213-->[androidx.work:work-runtime:2.7.1] AndroidManifest.xml:125:13-72
214            android:exported="false" >
214-->[androidx.work:work-runtime:2.7.1] AndroidManifest.xml:126:13-37
215            <intent-filter>
215-->[androidx.work:work-runtime:2.7.1] AndroidManifest.xml:128:13-130:29
216                <action android:name="androidx.work.impl.background.systemalarm.UpdateProxies" />
216-->[androidx.work:work-runtime:2.7.1] AndroidManifest.xml:129:17-98
216-->[androidx.work:work-runtime:2.7.1] AndroidManifest.xml:129:25-95
217            </intent-filter>
218        </receiver>
219        <receiver
219-->[androidx.work:work-runtime:2.7.1] AndroidManifest.xml:132:9-142:20
220            android:name="androidx.work.impl.diagnostics.DiagnosticsReceiver"
220-->[androidx.work:work-runtime:2.7.1] AndroidManifest.xml:133:13-78
221            android:directBootAware="false"
221-->[androidx.work:work-runtime:2.7.1] AndroidManifest.xml:134:13-44
222            android:enabled="true"
222-->[androidx.work:work-runtime:2.7.1] AndroidManifest.xml:135:13-35
223            android:exported="true"
223-->[androidx.work:work-runtime:2.7.1] AndroidManifest.xml:136:13-36
224            android:permission="android.permission.DUMP" >
224-->[androidx.work:work-runtime:2.7.1] AndroidManifest.xml:137:13-57
225            <intent-filter>
225-->[androidx.work:work-runtime:2.7.1] AndroidManifest.xml:139:13-141:29
226                <action android:name="androidx.work.diagnostics.REQUEST_DIAGNOSTICS" />
226-->[androidx.work:work-runtime:2.7.1] AndroidManifest.xml:140:17-88
226-->[androidx.work:work-runtime:2.7.1] AndroidManifest.xml:140:25-85
227            </intent-filter>
228        </receiver>
229
230        <service
230-->[androidx.room:room-runtime:2.2.5] AndroidManifest.xml:25:9-28:40
231            android:name="androidx.room.MultiInstanceInvalidationService"
231-->[androidx.room:room-runtime:2.2.5] AndroidManifest.xml:26:13-74
232            android:directBootAware="true"
232-->[androidx.room:room-runtime:2.2.5] AndroidManifest.xml:27:13-43
233            android:exported="false" />
233-->[androidx.room:room-runtime:2.2.5] AndroidManifest.xml:28:13-37
234    </application>
235
236</manifest>